#
# There is insufficient memory for the Java Runtime Environment to continue.
# Native memory allocation (malloc) failed to allocate 409936 bytes for Chunk::new
# Possible reasons:
#   The system is out of physical RAM or swap space
#   The process is running with CompressedOops enabled, and the Java Heap may be blocking the growth of the native heap
# Possible solutions:
#   Reduce memory load on the system
#   Increase physical memory or swap space
#   Check if swap backing store is full
#   Decrease Java heap size (-Xmx/-Xms)
#   Decrease number of Java threads
#   Decrease Java thread stack sizes (-Xss)
#   Set larger code cache with -XX:ReservedCodeCacheSize=
#   JVM is running with Unscaled Compressed Oops mode in which the Java heap is
#     placed in the first 4GB address space. The Java Heap base address is the
#     maximum limit for the native heap growth. Please use -XX:HeapBaseMinAddress
#     to set the Java Heap base and to place the Java Heap above 4GB virtual address.
# This output file may be truncated or incomplete.
#
#  Out of Memory Error (arena.cpp:191), pid=11784, tid=11624
#
# JRE version: OpenJDK Runtime Environment OpenLogic-OpenJDK (17.0.9+9) (build 17.0.9+9-adhoc..jdk17u)
# Java VM: OpenJDK 64-Bit Server VM OpenLogic-OpenJDK (17.0.9+9-adhoc..jdk17u, mixed mode, sharing, tiered, compressed oops, compressed class ptrs, g1 gc, windows-amd64)
# No core dump will be written. Minidumps are not enabled by default on client versions of Windows
#

---------------  S U M M A R Y ------------

Command Line: -Xmx64m -Xms64m -Dorg.gradle.appname=gradlew org.gradle.wrapper.GradleWrapperMain app:bundleRelease

Host: Intel(R) Core(TM) i5-3230M CPU @ 2.60GHz, 4 cores, 11G,  Windows 10 , 64 bit Build 19041 (10.0.19041.3636)
Time: Sat Feb 24 14:38:43 2024 India Standard Time elapsed time: 13.888139 seconds (0d 0h 0m 13s)

---------------  T H R E A D  ---------------

Current thread (0x000002e1a9161f10):  JavaThread "C2 CompilerThread0" daemon [_thread_in_native, id=11624, stack(0x000000f640f00000,0x000000f641000000)]


Current CompileTask:
C2:  13888 1279 %     4       java.io.WinNTFileSystem::normalize @ 22 (143 bytes)

Stack: [0x000000f640f00000,0x000000f641000000]
Native frames: (J=compiled Java code, j=interpreted, Vv=VM code, C=native code)
V  [jvm.dll+0x67cf49]
V  [jvm.dll+0x83478a]
V  [jvm.dll+0x83624e]
V  [jvm.dll+0x8368b3]
V  [jvm.dll+0x247f1f]
V  [jvm.dll+0xac43c]
V  [jvm.dll+0xaca8c]
V  [jvm.dll+0x367012]
V  [jvm.dll+0x3313ba]
V  [jvm.dll+0x33085a]
V  [jvm.dll+0x21a5b1]
V  [jvm.dll+0x2199d1]
V  [jvm.dll+0x1a57cd]
V  [jvm.dll+0x2297ae]
V  [jvm.dll+0x22797c]
V  [jvm.dll+0x7e9877]
V  [jvm.dll+0x7e3c3a]
V  [jvm.dll+0x67be35]
C  [ucrtbase.dll+0x21bb2]
C  [KERNEL32.DLL+0x17344]
C  [ntdll.dll+0x526b1]


---------------  P R O C E S S  ---------------

Threads class SMR info:
_java_thread_list=0x000002e1ef02e6c0, length=13, elements={
0x000002e18ec80240, 0x000002e1a913fab0, 0x000002e1a9141940, 0x000002e1a9156cb0,
0x000002e1a9159a40, 0x000002e1a915bbb0, 0x000002e1a915dd20, 0x000002e1a9161f10,
0x000002e1a91667e0, 0x000002e1a917f950, 0x000002e1a93a1f80, 0x000002e1a93adfb0,
0x000002e1a9b9c5d0
}

Java Threads: ( => current thread )
  0x000002e18ec80240 JavaThread "main" [_thread_in_Java, id=7992, stack(0x000000f640200000,0x000000f640300000)]
  0x000002e1a913fab0 JavaThread "Reference Handler" daemon [_thread_blocked, id=11640, stack(0x000000f640900000,0x000000f640a00000)]
  0x000002e1a9141940 JavaThread "Finalizer" daemon [_thread_blocked, id=20064, stack(0x000000f640a00000,0x000000f640b00000)]
  0x000002e1a9156cb0 JavaThread "Signal Dispatcher" daemon [_thread_blocked, id=18520, stack(0x000000f640b00000,0x000000f640c00000)]
  0x000002e1a9159a40 JavaThread "Attach Listener" daemon [_thread_blocked, id=11924, stack(0x000000f640c00000,0x000000f640d00000)]
  0x000002e1a915bbb0 JavaThread "Service Thread" daemon [_thread_blocked, id=19480, stack(0x000000f640d00000,0x000000f640e00000)]
  0x000002e1a915dd20 JavaThread "Monitor Deflation Thread" daemon [_thread_blocked, id=20096, stack(0x000000f640e00000,0x000000f640f00000)]
=>0x000002e1a9161f10 JavaThread "C2 CompilerThread0" daemon [_thread_in_native, id=11624, stack(0x000000f640f00000,0x000000f641000000)]
  0x000002e1a91667e0 JavaThread "C1 CompilerThread0" daemon [_thread_in_native, id=10116, stack(0x000000f641000000,0x000000f641100000)]
  0x000002e1a917f950 JavaThread "Sweeper thread" daemon [_thread_blocked, id=22360, stack(0x000000f641100000,0x000000f641200000)]
  0x000002e1a93a1f80 JavaThread "Notification Thread" daemon [_thread_blocked, id=13612, stack(0x000000f641200000,0x000000f641300000)]
  0x000002e1a93adfb0 JavaThread "Common-Cleaner" daemon [_thread_blocked, id=10268, stack(0x000000f641400000,0x000000f641500000)]
  0x000002e1a9b9c5d0 JavaThread "pool-1-thread-1" [_thread_in_vm, id=16484, stack(0x000000f641800000,0x000000f641900000)]

Other Threads:
  0x000002e1a9139e30 VMThread "VM Thread" [stack: 0x000000f640800000,0x000000f640900000] [id=22252]
  0x000002e18ed3a120 WatcherThread [stack: 0x000000f641300000,0x000000f641400000] [id=8396]
  0x000002e18eca0830 GCTaskThread "GC Thread#0" [stack: 0x000000f640300000,0x000000f640400000] [id=21764]
  0x000002e1a97c9d50 GCTaskThread "GC Thread#1" [stack: 0x000000f641500000,0x000000f641600000] [id=11684]
  0x000002e1a97f2530 GCTaskThread "GC Thread#2" [stack: 0x000000f641600000,0x000000f641700000] [id=2684]
  0x000002e1a97f27f0 GCTaskThread "GC Thread#3" [stack: 0x000000f641700000,0x000000f641800000] [id=20740]
  0x000002e18eca1f80 ConcurrentGCThread "G1 Main Marker" [stack: 0x000000f640400000,0x000000f640500000] [id=1076]
  0x000002e18eca29a0 ConcurrentGCThread "G1 Conc#0" [stack: 0x000000f640500000,0x000000f640600000] [id=20696]
  0x000002e18ecef400 ConcurrentGCThread "G1 Refine#0" [stack: 0x000000f640600000,0x000000f640700000] [id=20944]
  0x000002e1a95ac000 ConcurrentGCThread "G1 Refine#1" [stack: 0x000000f641900000,0x000000f641a00000] [id=21108]
  0x000002e18ecefe30 ConcurrentGCThread "G1 Service" [stack: 0x000000f640700000,0x000000f640800000] [id=15264]

Threads with active compile tasks:
C2 CompilerThread0    13952 1279 %     4       java.io.WinNTFileSystem::normalize @ 22 (143 bytes)
C1 CompilerThread0    13952 1297       3       java.net.URLStreamHandler::parseURL (1201 bytes)

VM state: not at safepoint (normal execution)

VM Mutex/Monitor currently owned by a thread: None

Heap address: 0x00000000fc000000, size: 64 MB, Compressed Oops mode: 32-bit

CDS archive(s) mapped at: [0x000002e1aa000000-0x000002e1aabb0000-0x000002e1aabb0000), size 12255232, SharedBaseAddress: 0x000002e1aa000000, ArchiveRelocationMode: 1.
Compressed class space mapped at: 0x000002e1ab000000-0x000002e1eb000000, reserved size: 1073741824
Narrow klass base: 0x000002e1aa000000, Narrow klass shift: 0, Narrow klass range: 0x100000000

GC Precious Log:
 CPUs: 4 total, 4 available
 Memory: 12153M
 Large Page Support: Disabled
 NUMA Support: Disabled
 Compressed Oops: Enabled (32-bit)
 Heap Region Size: 1M
 Heap Min Capacity: 64M
 Heap Initial Capacity: 64M
 Heap Max Capacity: 64M
 Pre-touch: Disabled
 Parallel Workers: 4
 Concurrent Workers: 1
 Concurrent Refinement Workers: 4
 Periodic GC: Disabled

Heap:
 garbage-first heap   total 65536K, used 23608K [0x00000000fc000000, 0x0000000100000000)
  region size 1024K, 16 young (16384K), 3 survivors (3072K)
 Metaspace       used 7954K, committed 8128K, reserved 1114112K
  class space    used 1068K, committed 1152K, reserved 1048576K

Heap Regions: E=young(eden), S=young(survivor), O=old, HS=humongous(starts), HC=humongous(continues), CS=collection set, F=free, OA=open archive, CA=closed archive, TAMS=top-at-mark-start (previous, next)
|   0|0x00000000fc000000, 0x00000000fc100000, 0x00000000fc100000|100%| O|  |TAMS 0x00000000fc000000, 0x00000000fc000000| Untracked 
|   1|0x00000000fc100000, 0x00000000fc200000, 0x00000000fc200000|100%| O|  |TAMS 0x00000000fc100000, 0x00000000fc100000| Untracked 
|   2|0x00000000fc200000, 0x00000000fc300000, 0x00000000fc300000|100%|HS|  |TAMS 0x00000000fc200000, 0x00000000fc200000| Complete 
|   3|0x00000000fc300000, 0x00000000fc400000, 0x00000000fc400000|100%|HC|  |TAMS 0x00000000fc300000, 0x00000000fc300000| Complete 
|   4|0x00000000fc400000, 0x00000000fc500000, 0x00000000fc500000|100%|HC|  |TAMS 0x00000000fc400000, 0x00000000fc400000| Complete 
|   5|0x00000000fc500000, 0x00000000fc600000, 0x00000000fc600000|100%|HC|  |TAMS 0x00000000fc500000, 0x00000000fc500000| Complete 
|   6|0x00000000fc600000, 0x00000000fc700000, 0x00000000fc700000|100%| O|  |TAMS 0x00000000fc600000, 0x00000000fc600000| Untracked 
|   7|0x00000000fc700000, 0x00000000fc800000, 0x00000000fc800000|100%| O|  |TAMS 0x00000000fc700000, 0x00000000fc700000| Untracked 
|   8|0x00000000fc800000, 0x00000000fc80e200, 0x00000000fc900000|  5%| O|  |TAMS 0x00000000fc800000, 0x00000000fc800000| Untracked 
|   9|0x00000000fc900000, 0x00000000fc900000, 0x00000000fca00000|  0%| F|  |TAMS 0x00000000fc900000, 0x00000000fc900000| Untracked 
|  10|0x00000000fca00000, 0x00000000fca00000, 0x00000000fcb00000|  0%| F|  |TAMS 0x00000000fca00000, 0x00000000fca00000| Untracked 
|  11|0x00000000fcb00000, 0x00000000fcb00000, 0x00000000fcc00000|  0%| F|  |TAMS 0x00000000fcb00000, 0x00000000fcb00000| Untracked 
|  12|0x00000000fcc00000, 0x00000000fcc00000, 0x00000000fcd00000|  0%| F|  |TAMS 0x00000000fcc00000, 0x00000000fcc00000| Untracked 
|  13|0x00000000fcd00000, 0x00000000fcd00000, 0x00000000fce00000|  0%| F|  |TAMS 0x00000000fcd00000, 0x00000000fcd00000| Untracked 
|  14|0x00000000fce00000, 0x00000000fce00000, 0x00000000fcf00000|  0%| F|  |TAMS 0x00000000fce00000, 0x00000000fce00000| Untracked 
|  15|0x00000000fcf00000, 0x00000000fcf00000, 0x00000000fd000000|  0%| F|  |TAMS 0x00000000fcf00000, 0x00000000fcf00000| Untracked 
|  16|0x00000000fd000000, 0x00000000fd000000, 0x00000000fd100000|  0%| F|  |TAMS 0x00000000fd000000, 0x00000000fd000000| Untracked 
|  17|0x00000000fd100000, 0x00000000fd100000, 0x00000000fd200000|  0%| F|  |TAMS 0x00000000fd100000, 0x00000000fd100000| Untracked 
|  18|0x00000000fd200000, 0x00000000fd200000, 0x00000000fd300000|  0%| F|  |TAMS 0x00000000fd200000, 0x00000000fd200000| Untracked 
|  19|0x00000000fd300000, 0x00000000fd300000, 0x00000000fd400000|  0%| F|  |TAMS 0x00000000fd300000, 0x00000000fd300000| Untracked 
|  20|0x00000000fd400000, 0x00000000fd400000, 0x00000000fd500000|  0%| F|  |TAMS 0x00000000fd400000, 0x00000000fd400000| Untracked 
|  21|0x00000000fd500000, 0x00000000fd500000, 0x00000000fd600000|  0%| F|  |TAMS 0x00000000fd500000, 0x00000000fd500000| Untracked 
|  22|0x00000000fd600000, 0x00000000fd600000, 0x00000000fd700000|  0%| F|  |TAMS 0x00000000fd600000, 0x00000000fd600000| Untracked 
|  23|0x00000000fd700000, 0x00000000fd700000, 0x00000000fd800000|  0%| F|  |TAMS 0x00000000fd700000, 0x00000000fd700000| Untracked 
|  24|0x00000000fd800000, 0x00000000fd800000, 0x00000000fd900000|  0%| F|  |TAMS 0x00000000fd800000, 0x00000000fd800000| Untracked 
|  25|0x00000000fd900000, 0x00000000fd900000, 0x00000000fda00000|  0%| F|  |TAMS 0x00000000fd900000, 0x00000000fd900000| Untracked 
|  26|0x00000000fda00000, 0x00000000fda00000, 0x00000000fdb00000|  0%| F|  |TAMS 0x00000000fda00000, 0x00000000fda00000| Untracked 
|  27|0x00000000fdb00000, 0x00000000fdb00000, 0x00000000fdc00000|  0%| F|  |TAMS 0x00000000fdb00000, 0x00000000fdb00000| Untracked 
|  28|0x00000000fdc00000, 0x00000000fdc00000, 0x00000000fdd00000|  0%| F|  |TAMS 0x00000000fdc00000, 0x00000000fdc00000| Untracked 
|  29|0x00000000fdd00000, 0x00000000fdd00000, 0x00000000fde00000|  0%| F|  |TAMS 0x00000000fdd00000, 0x00000000fdd00000| Untracked 
|  30|0x00000000fde00000, 0x00000000fde00000, 0x00000000fdf00000|  0%| F|  |TAMS 0x00000000fde00000, 0x00000000fde00000| Untracked 
|  31|0x00000000fdf00000, 0x00000000fdf00000, 0x00000000fe000000|  0%| F|  |TAMS 0x00000000fdf00000, 0x00000000fdf00000| Untracked 
|  32|0x00000000fe000000, 0x00000000fe000000, 0x00000000fe100000|  0%| F|  |TAMS 0x00000000fe000000, 0x00000000fe000000| Untracked 
|  33|0x00000000fe100000, 0x00000000fe100000, 0x00000000fe200000|  0%| F|  |TAMS 0x00000000fe100000, 0x00000000fe100000| Untracked 
|  34|0x00000000fe200000, 0x00000000fe200000, 0x00000000fe300000|  0%| F|  |TAMS 0x00000000fe200000, 0x00000000fe200000| Untracked 
|  35|0x00000000fe300000, 0x00000000fe300000, 0x00000000fe400000|  0%| F|  |TAMS 0x00000000fe300000, 0x00000000fe300000| Untracked 
|  36|0x00000000fe400000, 0x00000000fe400000, 0x00000000fe500000|  0%| F|  |TAMS 0x00000000fe400000, 0x00000000fe400000| Untracked 
|  37|0x00000000fe500000, 0x00000000fe500000, 0x00000000fe600000|  0%| F|  |TAMS 0x00000000fe500000, 0x00000000fe500000| Untracked 
|  38|0x00000000fe600000, 0x00000000fe600000, 0x00000000fe700000|  0%| F|  |TAMS 0x00000000fe600000, 0x00000000fe600000| Untracked 
|  39|0x00000000fe700000, 0x00000000fe700000, 0x00000000fe800000|  0%| F|  |TAMS 0x00000000fe700000, 0x00000000fe700000| Untracked 
|  40|0x00000000fe800000, 0x00000000fe800000, 0x00000000fe900000|  0%| F|  |TAMS 0x00000000fe800000, 0x00000000fe800000| Untracked 
|  41|0x00000000fe900000, 0x00000000fe900000, 0x00000000fea00000|  0%| F|  |TAMS 0x00000000fe900000, 0x00000000fe900000| Untracked 
|  42|0x00000000fea00000, 0x00000000fea00000, 0x00000000feb00000|  0%| F|  |TAMS 0x00000000fea00000, 0x00000000fea00000| Untracked 
|  43|0x00000000feb00000, 0x00000000feb00000, 0x00000000fec00000|  0%| F|  |TAMS 0x00000000feb00000, 0x00000000feb00000| Untracked 
|  44|0x00000000fec00000, 0x00000000fed00000, 0x00000000fed00000|100%| S|CS|TAMS 0x00000000fec00000, 0x00000000fec00000| Complete 
|  45|0x00000000fed00000, 0x00000000fee00000, 0x00000000fee00000|100%| S|CS|TAMS 0x00000000fed00000, 0x00000000fed00000| Complete 
|  46|0x00000000fee00000, 0x00000000fef00000, 0x00000000fef00000|100%| S|CS|TAMS 0x00000000fee00000, 0x00000000fee00000| Complete 
|  47|0x00000000fef00000, 0x00000000fef00000, 0x00000000ff000000|  0%| F|  |TAMS 0x00000000fef00000, 0x00000000fef00000| Untracked 
|  48|0x00000000ff000000, 0x00000000ff000000, 0x00000000ff100000|  0%| F|  |TAMS 0x00000000ff000000, 0x00000000ff000000| Untracked 
|  49|0x00000000ff100000, 0x00000000ff100000, 0x00000000ff200000|  0%| F|  |TAMS 0x00000000ff100000, 0x00000000ff100000| Untracked 
|  50|0x00000000ff200000, 0x00000000ff200000, 0x00000000ff300000|  0%| F|  |TAMS 0x00000000ff200000, 0x00000000ff200000| Untracked 
|  51|0x00000000ff300000, 0x00000000ff360a20, 0x00000000ff400000| 37%| E|  |TAMS 0x00000000ff300000, 0x00000000ff300000| Complete 
|  52|0x00000000ff400000, 0x00000000ff500000, 0x00000000ff500000|100%| E|CS|TAMS 0x00000000ff400000, 0x00000000ff400000| Complete 
|  53|0x00000000ff500000, 0x00000000ff600000, 0x00000000ff600000|100%| E|CS|TAMS 0x00000000ff500000, 0x00000000ff500000| Complete 
|  54|0x00000000ff600000, 0x00000000ff700000, 0x00000000ff700000|100%| E|CS|TAMS 0x00000000ff600000, 0x00000000ff600000| Complete 
|  55|0x00000000ff700000, 0x00000000ff800000, 0x00000000ff800000|100%| E|CS|TAMS 0x00000000ff700000, 0x00000000ff700000| Complete 
|  56|0x00000000ff800000, 0x00000000ff900000, 0x00000000ff900000|100%| E|CS|TAMS 0x00000000ff800000, 0x00000000ff800000| Complete 
|  57|0x00000000ff900000, 0x00000000ffa00000, 0x00000000ffa00000|100%| E|CS|TAMS 0x00000000ff900000, 0x00000000ff900000| Complete 
|  58|0x00000000ffa00000, 0x00000000ffb00000, 0x00000000ffb00000|100%| E|CS|TAMS 0x00000000ffa00000, 0x00000000ffa00000| Complete 
|  59|0x00000000ffb00000, 0x00000000ffc00000, 0x00000000ffc00000|100%| E|CS|TAMS 0x00000000ffb00000, 0x00000000ffb00000| Complete 
|  60|0x00000000ffc00000, 0x00000000ffd00000, 0x00000000ffd00000|100%| E|CS|TAMS 0x00000000ffc00000, 0x00000000ffc00000| Complete 
|  61|0x00000000ffd00000, 0x00000000ffe00000, 0x00000000ffe00000|100%| E|CS|TAMS 0x00000000ffd00000, 0x00000000ffd00000| Complete 
|  62|0x00000000ffe00000, 0x00000000fff00000, 0x00000000fff00000|100%| E|CS|TAMS 0x00000000ffe00000, 0x00000000ffe00000| Complete 
|  63|0x00000000fff00000, 0x0000000100000000, 0x0000000100000000|100%| E|CS|TAMS 0x00000000fff00000, 0x00000000fff00000| Complete 

Card table byte_map: [0x000002e18eab0000,0x000002e18ead0000] _byte_map_base: 0x000002e18e2d0000

Marking Bits (Prev, Next): (CMBitMap*) 0x000002e18eca0e50, (CMBitMap*) 0x000002e18eca0e90
 Prev Bits: [0x000002e18eaf0000, 0x000002e18ebf0000)
 Next Bits: [0x000002e1a6b10000, 0x000002e1a6c10000)

Polling page: 0x000002e18e440000

Metaspace:

Usage:
  Non-class:      6.72 MB used.
      Class:      1.04 MB used.
       Both:      7.77 MB used.

Virtual space:
  Non-class space:       64.00 MB reserved,       6.81 MB ( 11%) committed,  1 nodes.
      Class space:        1.00 GB reserved,       1.12 MB ( <1%) committed,  1 nodes.
             Both:        1.06 GB reserved,       7.94 MB ( <1%) committed. 

Chunk freelists:
   Non-Class:  8.27 MB
       Class:  14.92 MB
        Both:  23.19 MB

MaxMetaspaceSize: unlimited
CompressedClassSpaceSize: 1.00 GB
Initial GC threshold: 21.00 MB
Current GC threshold: 21.00 MB
CDS: on
MetaspaceReclaimPolicy: balanced
 - commit_granule_bytes: 65536.
 - commit_granule_words: 8192.
 - virtual_space_node_default_size: 8388608.
 - enlarge_chunks_in_place: 1.
 - new_chunks_are_fully_committed: 0.
 - uncommit_free_chunks: 1.
 - use_allocation_guard: 0.
 - handle_deallocations: 1.


Internal statistics:

num_allocs_failed_limit: 0.
num_arena_births: 74.
num_arena_deaths: 0.
num_vsnodes_births: 2.
num_vsnodes_deaths: 0.
num_space_committed: 127.
num_space_uncommitted: 0.
num_chunks_returned_to_freelist: 0.
num_chunks_taken_from_freelist: 288.
num_chunk_merges: 0.
num_chunk_splits: 197.
num_chunks_enlarged: 164.
num_inconsistent_stats: 0.

CodeHeap 'non-profiled nmethods': size=120000Kb used=537Kb max_used=537Kb free=119462Kb
 bounds [0x000002e19f5e0000, 0x000002e19f850000, 0x000002e1a6b10000]
CodeHeap 'profiled nmethods': size=120000Kb used=2539Kb max_used=2539Kb free=117460Kb
 bounds [0x000002e197b10000, 0x000002e197d90000, 0x000002e19f040000]
CodeHeap 'non-nmethods': size=5760Kb used=1169Kb max_used=1183Kb free=4590Kb
 bounds [0x000002e19f040000, 0x000002e19f2b0000, 0x000002e19f5e0000]
 total_blobs=1758 nmethods=1293 adapters=378
 compilation: enabled
              stopped_count=0, restarted_count=0
 full_count=0

Compilation events (20 events):
Event: 13.796 Thread 0x000002e1a91667e0 1283       3       java.net.URI$Parser::parse (243 bytes)
Event: 13.799 Thread 0x000002e1a91667e0 nmethod 1283 0x000002e197d7c290 code [0x000002e197d7c720, 0x000002e197d7e4d8]
Event: 13.799 Thread 0x000002e1a91667e0 1285       3       java.net.URI::isAbsolute (13 bytes)
Event: 13.799 Thread 0x000002e1a91667e0 nmethod 1285 0x000002e197d7f010 code [0x000002e197d7f1a0, 0x000002e197d7f318]
Event: 13.799 Thread 0x000002e1a91667e0 1284       3       java.net.URI$Parser::parseHierarchical (178 bytes)
Event: 13.802 Thread 0x000002e1a91667e0 nmethod 1284 0x000002e197d7f390 code [0x000002e197d7f760, 0x000002e197d80e28]
Event: 13.802 Thread 0x000002e1a91667e0 1286       1       java.net.URI::getRawFragment (5 bytes)
Event: 13.802 Thread 0x000002e1a91667e0 nmethod 1286 0x000002e19f665e10 code [0x000002e19f665fa0, 0x000002e19f666078]
Event: 13.802 Thread 0x000002e1a91667e0 1287       1       java.net.URI::getRawQuery (5 bytes)
Event: 13.802 Thread 0x000002e1a91667e0 nmethod 1287 0x000002e19f666110 code [0x000002e19f6662a0, 0x000002e19f666378]
Event: 13.802 Thread 0x000002e1a91667e0 1289       1       java.net.URI::getRawAuthority (5 bytes)
Event: 13.802 Thread 0x000002e1a91667e0 nmethod 1289 0x000002e19f666410 code [0x000002e19f6665a0, 0x000002e19f666678]
Event: 13.804 Thread 0x000002e1a91667e0 1291       3       java.lang.StringBuilder::append (8 bytes)
Event: 13.804 Thread 0x000002e1a91667e0 nmethod 1291 0x000002e197d81710 code [0x000002e197d818a0, 0x000002e197d819e8]
Event: 13.805 Thread 0x000002e1a91667e0 1292   !   3       java.io.WinNTFileSystem::resolve (362 bytes)
Event: 13.812 Thread 0x000002e1a91667e0 nmethod 1292 0x000002e197d81a90 code [0x000002e197d82440, 0x000002e197d86e28]
Event: 13.812 Thread 0x000002e1a91667e0 1293       3       java.net.URL::toLowerCase (38 bytes)
Event: 13.813 Thread 0x000002e1a91667e0 nmethod 1293 0x000002e197d88810 code [0x000002e197d88a20, 0x000002e197d88ee8]
Event: 13.813 Thread 0x000002e1a91667e0 1294   !   3       java.net.URL::getURLStreamHandler (191 bytes)
Event: 13.814 Thread 0x000002e1a91667e0 nmethod 1294 0x000002e197d89090 code [0x000002e197d89340, 0x000002e197d8a138]

GC Heap History (4 events):
Event: 3.638 GC heap before
{Heap before GC invocations=0 (full 0):
 garbage-first heap   total 65536K, used 13312K [0x00000000fc000000, 0x0000000100000000)
  region size 1024K, 13 young (13312K), 0 survivors (0K)
 Metaspace       used 1851K, committed 1984K, reserved 1114112K
  class space    used 168K, committed 192K, reserved 1048576K
}
Event: 3.700 GC heap after
{Heap after GC invocations=1 (full 0):
 garbage-first heap   total 65536K, used 3772K [0x00000000fc000000, 0x0000000100000000)
  region size 1024K, 2 young (2048K), 2 survivors (2048K)
 Metaspace       used 1851K, committed 1984K, reserved 1114112K
  class space    used 168K, committed 192K, reserved 1048576K
}
Event: 6.095 GC heap before
{Heap before GC invocations=1 (full 0):
 garbage-first heap   total 65536K, used 22204K [0x00000000fc000000, 0x0000000100000000)
  region size 1024K, 17 young (17408K), 2 survivors (2048K)
 Metaspace       used 5147K, committed 5376K, reserved 1114112K
  class space    used 673K, committed 768K, reserved 1048576K
}
Event: 6.101 GC heap after
{Heap after GC invocations=2 (full 0):
 garbage-first heap   total 65536K, used 11320K [0x00000000fc000000, 0x0000000100000000)
  region size 1024K, 3 young (3072K), 3 survivors (3072K)
 Metaspace       used 5147K, committed 5376K, reserved 1114112K
  class space    used 673K, committed 768K, reserved 1048576K
}

Dll operation events (11 events):
Event: 0.021 Loaded shared library C:\Program Files\OpenLogic\jdk-17.0.9.9-hotspot\bin\java.dll
Event: 0.075 Loaded shared library C:\Program Files\OpenLogic\jdk-17.0.9.9-hotspot\bin\jsvml.dll
Event: 0.218 Loaded shared library C:\Program Files\OpenLogic\jdk-17.0.9.9-hotspot\bin\net.dll
Event: 0.222 Loaded shared library C:\Program Files\OpenLogic\jdk-17.0.9.9-hotspot\bin\nio.dll
Event: 0.277 Loaded shared library C:\Program Files\OpenLogic\jdk-17.0.9.9-hotspot\bin\zip.dll
Event: 2.839 Loaded shared library C:\Program Files\OpenLogic\jdk-17.0.9.9-hotspot\bin\jimage.dll
Event: 3.865 Loaded shared library C:\Program Files\OpenLogic\jdk-17.0.9.9-hotspot\bin\verify.dll
Event: 5.548 Loaded shared library C:\Users\marc\.gradle\native\68d5fa5c4cc2d200863cafc0d521ce42e7d3e7ee720ec0a83991735586a16f82\windows-amd64\native-platform.dll
Event: 5.667 Loaded shared library C:\Users\marc\.gradle\native\jansi\1.18\windows64\jansi.dll
Event: 6.456 Loaded shared library C:\Program Files\OpenLogic\jdk-17.0.9.9-hotspot\bin\management.dll
Event: 6.463 Loaded shared library C:\Program Files\OpenLogic\jdk-17.0.9.9-hotspot\bin\management_ext.dll

Deoptimization events (20 events):
Event: 10.421 Thread 0x000002e18ec80240 Uncommon trap: trap_request=0xffffff45 fr.pc=0x000002e19f616f20 relative=0x00000000000005e0
Event: 10.421 Thread 0x000002e18ec80240 Uncommon trap: reason=unstable_if action=reinterpret pc=0x000002e19f616f20 method=java.lang.AbstractStringBuilder.append(Ljava/lang/String;)Ljava/lang/AbstractStringBuilder; @ 1 c2
Event: 10.421 Thread 0x000002e18ec80240 DEOPT PACKING pc=0x000002e19f616f20 sp=0x000000f6402fc690
Event: 10.422 Thread 0x000002e18ec80240 DEOPT UNPACKING pc=0x000002e19f0969a3 sp=0x000000f6402fc610 mode 2
Event: 10.423 Thread 0x000002e18ec80240 Uncommon trap: trap_request=0xffffff45 fr.pc=0x000002e19f617e34 relative=0x00000000000005f4
Event: 10.423 Thread 0x000002e18ec80240 Uncommon trap: reason=unstable_if action=reinterpret pc=0x000002e19f617e34 method=java.lang.AbstractStringBuilder.append(Ljava/lang/String;)Ljava/lang/AbstractStringBuilder; @ 1 c2
Event: 10.423 Thread 0x000002e18ec80240 DEOPT PACKING pc=0x000002e19f617e34 sp=0x000000f6402fc630
Event: 10.423 Thread 0x000002e18ec80240 DEOPT UNPACKING pc=0x000002e19f0969a3 sp=0x000000f6402fc618 mode 2
Event: 13.646 Thread 0x000002e18ec80240 Uncommon trap: trap_request=0xffffffc6 fr.pc=0x000002e19f649618 relative=0x0000000000000538
Event: 13.646 Thread 0x000002e18ec80240 Uncommon trap: reason=bimorphic_or_optimized_type_check action=maybe_recompile pc=0x000002e19f649618 method=java.util.concurrent.ConcurrentHashMap.get(Ljava/lang/Object;)Ljava/lang/Object; @ 149 c2
Event: 13.646 Thread 0x000002e18ec80240 DEOPT PACKING pc=0x000002e19f649618 sp=0x000000f6402fbb00
Event: 13.646 Thread 0x000002e18ec80240 DEOPT UNPACKING pc=0x000002e19f0969a3 sp=0x000000f6402fbaa0 mode 2
Event: 13.661 Thread 0x000002e18ec80240 Uncommon trap: trap_request=0xffffffc6 fr.pc=0x000002e19f649618 relative=0x0000000000000538
Event: 13.661 Thread 0x000002e18ec80240 Uncommon trap: reason=bimorphic_or_optimized_type_check action=maybe_recompile pc=0x000002e19f649618 method=java.util.concurrent.ConcurrentHashMap.get(Ljava/lang/Object;)Ljava/lang/Object; @ 149 c2
Event: 13.661 Thread 0x000002e18ec80240 DEOPT PACKING pc=0x000002e19f649618 sp=0x000000f6402fbfd0
Event: 13.661 Thread 0x000002e18ec80240 DEOPT UNPACKING pc=0x000002e19f0969a3 sp=0x000000f6402fbf70 mode 2
Event: 13.663 Thread 0x000002e18ec80240 Uncommon trap: trap_request=0xffffffc6 fr.pc=0x000002e19f649618 relative=0x0000000000000538
Event: 13.663 Thread 0x000002e18ec80240 Uncommon trap: reason=bimorphic_or_optimized_type_check action=maybe_recompile pc=0x000002e19f649618 method=java.util.concurrent.ConcurrentHashMap.get(Ljava/lang/Object;)Ljava/lang/Object; @ 149 c2
Event: 13.663 Thread 0x000002e18ec80240 DEOPT PACKING pc=0x000002e19f649618 sp=0x000000f6402fbfd0
Event: 13.663 Thread 0x000002e18ec80240 DEOPT UNPACKING pc=0x000002e19f0969a3 sp=0x000000f6402fbf70 mode 2

Classes unloaded (0 events):
No events

Classes redefined (0 events):
No events

Internal exceptions (18 events):
Event: 0.693 Thread 0x000002e18ec80240 Exception <a 'java/lang/NoSuchMethodError'{0x00000000ffc6dcc8}: 'int java.lang.invoke.DirectMethodHandle$Holder.invokeStaticInit(java.lang.Object, java.lang.Object)'> (0x00000000ffc6dcc8) 
thrown [s\src\hotspot\share\interpreter\linkResolver.cpp, line 759]
Event: 5.194 Thread 0x000002e18ec80240 Exception <a 'java/lang/NoSuchMethodError'{0x00000000ff624960}: 'void java.lang.invoke.DirectMethodHandle$Holder.invokeStatic(java.lang.Object, java.lang.Object)'> (0x00000000ff624960) 
thrown [s\src\hotspot\share\interpreter\linkResolver.cpp, line 759]
Event: 5.245 Thread 0x000002e18ec80240 Exception <a 'java/lang/NoClassDefFoundError'{0x00000000ff6a9ae0}: org/slf4j/impl/StaticMarkerBinder> (0x00000000ff6a9ae0) 
thrown [s\src\hotspot\share\classfile\systemDictionary.cpp, line 245]
Event: 5.404 Thread 0x000002e18ec80240 Exception <a 'java/lang/NoSuchMethodError'{0x00000000ff551f20}: 'java.lang.Object java.lang.invoke.DirectMethodHandle$Holder.invokeVirtual(java.lang.Object, java.lang.Object, java.lang.Object, java.lang.Object, java.lang.Object, java.lang.Object, java.lang.Object)'> (0x00000000ff551f20) 
thrown [s\src\hotspot\share\interpreter\linkResolver.cpp, line 759]
Event: 5.422 Thread 0x000002e18ec80240 Exception <a 'java/lang/NoSuchMethodError'{0x00000000ff5634b0}: 'java.lang.Object java.lang.invoke.Invokers$Holder.invoker(java.lang.Object, java.lang.Object, java.lang.Object)'> (0x00000000ff5634b0) 
thrown [s\src\hotspot\share\interpreter\linkResolver.cpp, line 759]
Event: 5.426 Thread 0x000002e18ec80240 Exception <a 'java/lang/NoSuchMethodError'{0x00000000ff56c580}: 'java.lang.Object java.lang.invoke.DirectMethodHandle$Holder.invokeStatic(java.lang.Object, java.lang.Object, int)'> (0x00000000ff56c580) 
thrown [s\src\hotspot\share\interpreter\linkResolver.cpp, line 759]
Event: 5.428 Thread 0x000002e18ec80240 Exception <a 'java/lang/NoSuchMethodError'{0x00000000ff578270}: 'void java.lang.invoke.DelegatingMethodHandle$Holder.delegate(java.lang.Object, java.lang.Object, int, java.lang.Object)'> (0x00000000ff578270) 
thrown [s\src\hotspot\share\interpreter\linkResolver.cpp, line 759]
Event: 5.430 Thread 0x000002e18ec80240 Exception <a 'java/lang/NoSuchMethodError'{0x00000000ff57c3b8}: 'int java.lang.invoke.DirectMethodHandle$Holder.invokeSpecial(java.lang.Object, java.lang.Object, java.lang.Object)'> (0x00000000ff57c3b8) 
thrown [s\src\hotspot\share\interpreter\linkResolver.cpp, line 759]
Event: 5.500 Thread 0x000002e18ec80240 Exception <a 'java/lang/NoSuchMethodError'{0x00000000ff58f500}: 'java.lang.Object java.lang.invoke.Invokers$Holder.invokeExact_MT(java.lang.Object, java.lang.Object, java.lang.Object, java.lang.Object)'> (0x00000000ff58f500) 
thrown [s\src\hotspot\share\interpreter\linkResolver.cpp, line 759]
Event: 6.259 Thread 0x000002e18ec80240 Exception <a 'java/lang/NoSuchMethodError'{0x00000000ffd10840}: 'void java.lang.invoke.DirectMethodHandle$Holder.invokeSpecial(java.lang.Object, java.lang.Object, java.lang.Object)'> (0x00000000ffd10840) 
thrown [s\src\hotspot\share\interpreter\linkResolver.cpp, line 759]
Event: 6.275 Thread 0x000002e18ec80240 Implicit null exception at 0x000002e19f63018f to 0x000002e19f6306c4
Event: 6.275 Thread 0x000002e18ec80240 Implicit null exception at 0x000002e19f621e8f to 0x000002e19f6223cc
Event: 6.451 Thread 0x000002e18ec80240 Exception <a 'java/lang/NoSuchMethodError'{0x00000000ffc717a8}: 'java.lang.Object java.lang.invoke.DirectMethodHandle$Holder.invokeStaticInit(java.lang.Object)'> (0x00000000ffc717a8) 
thrown [s\src\hotspot\share\interpreter\linkResolver.cpp, line 759]
Event: 7.017 Thread 0x000002e18ec80240 Exception <a 'java/lang/NoSuchMethodError'{0x00000000ff827fe8}: 'java.lang.Object java.lang.invoke.DirectMethodHandle$Holder.invokeStaticInit(java.lang.Object, int, int, int, int)'> (0x00000000ff827fe8) 
thrown [s\src\hotspot\share\interpreter\linkResolver.cpp, line 759]
Event: 7.625 Thread 0x000002e18ec80240 Exception <a 'java/lang/NoSuchMethodError'{0x00000000ff71e110}: 'java.lang.Object java.lang.invoke.DirectMethodHandle$Holder.invokeStaticInit(java.lang.Object, java.lang.Object, int, int, int, int)'> (0x00000000ff71e110) 
thrown [s\src\hotspot\share\interpreter\linkResolver.cpp, line 759]
Event: 10.280 Thread 0x000002e18ec80240 Exception <a 'java/lang/NoSuchMethodError'{0x00000000ff74c4e8}: 'void java.lang.invoke.DirectMethodHandle$Holder.invokeStatic(java.lang.Object, java.lang.Object, java.lang.Object)'> (0x00000000ff74c4e8) 
thrown [s\src\hotspot\share\interpreter\linkResolver.cpp, line 759]
Event: 10.421 Thread 0x000002e18ec80240 Implicit null exception at 0x000002e19f616972 to 0x000002e19f616f0c
Event: 10.423 Thread 0x000002e18ec80240 Implicit null exception at 0x000002e19f617872 to 0x000002e19f617e20

VM Operations (20 events):
Event: 6.095 Executing VM operation: G1CollectForAllocation
Event: 6.101 Executing VM operation: G1CollectForAllocation done
Event: 6.563 Executing VM operation: HandshakeAllThreads
Event: 6.563 Executing VM operation: HandshakeAllThreads done
Event: 6.779 Executing VM operation: HandshakeAllThreads
Event: 6.779 Executing VM operation: HandshakeAllThreads done
Event: 7.355 Executing VM operation: HandshakeAllThreads
Event: 7.355 Executing VM operation: HandshakeAllThreads done
Event: 7.355 Executing VM operation: Cleanup
Event: 7.355 Executing VM operation: Cleanup done
Event: 8.356 Executing VM operation: Cleanup
Event: 8.356 Executing VM operation: Cleanup done
Event: 10.370 Executing VM operation: Cleanup
Event: 10.370 Executing VM operation: Cleanup done
Event: 12.384 Executing VM operation: Cleanup
Event: 12.384 Executing VM operation: Cleanup done
Event: 13.399 Executing VM operation: Cleanup
Event: 13.399 Executing VM operation: Cleanup done
Event: 13.642 Executing VM operation: HandshakeAllThreads
Event: 13.642 Executing VM operation: HandshakeAllThreads done

Events (20 events):
Event: 10.317 loading class sun/nio/ch/SocketOptionRegistry$LazyInitialization
Event: 10.318 loading class sun/nio/ch/SocketOptionRegistry$LazyInitialization done
Event: 10.318 loading class sun/nio/ch/OptionKey
Event: 10.319 loading class sun/nio/ch/OptionKey done
Event: 10.319 loading class sun/nio/ch/ExtendedSocketOption
Event: 10.319 loading class sun/nio/ch/ExtendedSocketOption done
Event: 10.319 loading class sun/nio/ch/ExtendedSocketOption$1
Event: 10.320 loading class sun/nio/ch/ExtendedSocketOption$1 done
Event: 10.334 loading class java/nio/channels/OverlappingFileLockException
Event: 10.334 loading class java/nio/channels/OverlappingFileLockException done
Event: 10.334 loading class java/io/EOFException
Event: 10.335 loading class java/io/EOFException done
Event: 13.647 loading class jdk/internal/module/ModulePatcher$PatchedModuleReader
Event: 13.648 loading class jdk/internal/module/ModulePatcher$PatchedModuleReader done
Event: 13.649 loading class sun/net/www/protocol/jrt/Handler
Event: 13.649 loading class sun/net/www/protocol/jrt/Handler done
Event: 13.736 loading class java/io/DataOutputStream
Event: 13.736 loading class java/io/DataOutputStream done
Event: 13.776 loading class java/io/FileOutputStream$1
Event: 13.777 loading class java/io/FileOutputStream$1 done


Dynamic libraries:
0x00007ff7439b0000 - 0x00007ff7439be000 	C:\Program Files\OpenLogic\jdk-17.0.9.9-hotspot\bin\java.exe
0x00007ffa1ffb0000 - 0x00007ffa201a8000 	C:\Windows\SYSTEM32\ntdll.dll
0x00007ffa1e8a0000 - 0x00007ffa1e95d000 	C:\Windows\System32\KERNEL32.DLL
0x00007ffa1db90000 - 0x00007ffa1de86000 	C:\Windows\System32\KERNELBASE.dll
0x00007ffa1da90000 - 0x00007ffa1db90000 	C:\Windows\System32\ucrtbase.dll
0x00007ffa17840000 - 0x00007ffa17857000 	C:\Program Files\OpenLogic\jdk-17.0.9.9-hotspot\bin\jli.dll
0x00007ffa1e2d0000 - 0x00007ffa1e46e000 	C:\Windows\System32\USER32.dll
0x00007ffa1d750000 - 0x00007ffa1d772000 	C:\Windows\System32\win32u.dll
0x00007ffa1f750000 - 0x00007ffa1f77b000 	C:\Windows\System32\GDI32.dll
0x00007ffa1d970000 - 0x00007ffa1da87000 	C:\Windows\System32\gdi32full.dll
0x00007ffa1df00000 - 0x00007ffa1df9d000 	C:\Windows\System32\msvcp_win.dll
0x00007ffa17bf0000 - 0x00007ffa17c0b000 	C:\Program Files\OpenLogic\jdk-17.0.9.9-hotspot\bin\VCRUNTIME140.dll
0x00007ffa0ba50000 - 0x00007ffa0bcea000 	C:\Windows\WinSxS\amd64_microsoft.windows.common-controls_6595b64144ccf1df_6.0.19041.3636_none_60b6a03d71f818d5\COMCTL32.dll
0x00007ffa1e140000 - 0x00007ffa1e1de000 	C:\Windows\System32\msvcrt.dll
0x00007ffa1e500000 - 0x00007ffa1e532000 	C:\Windows\System32\IMM32.DLL
0x00007ffa17980000 - 0x00007ffa1798c000 	C:\Program Files\OpenLogic\jdk-17.0.9.9-hotspot\bin\vcruntime140_1.dll
0x00007ffa03200000 - 0x00007ffa0328d000 	C:\Program Files\OpenLogic\jdk-17.0.9.9-hotspot\bin\msvcp140.dll
0x00007ff9de010000 - 0x00007ff9dec71000 	C:\Program Files\OpenLogic\jdk-17.0.9.9-hotspot\bin\server\jvm.dll
0x00007ffa1ebd0000 - 0x00007ffa1ec83000 	C:\Windows\System32\ADVAPI32.dll
0x00007ffa1fed0000 - 0x00007ffa1ff6f000 	C:\Windows\System32\sechost.dll
0x00007ffa1e5c0000 - 0x00007ffa1e6e6000 	C:\Windows\System32\RPCRT4.dll
0x00007ffa1d720000 - 0x00007ffa1d747000 	C:\Windows\System32\bcrypt.dll
0x00007ffa1d4d0000 - 0x00007ffa1d51b000 	C:\Windows\SYSTEM32\POWRPROF.dll
0x00007ffa17880000 - 0x00007ffa17889000 	C:\Windows\SYSTEM32\WSOCK32.dll
0x00007ffa1f6e0000 - 0x00007ffa1f74b000 	C:\Windows\System32\WS2_32.dll
0x00007ffa0c900000 - 0x00007ffa0c927000 	C:\Windows\SYSTEM32\WINMM.dll
0x00007ffa0b990000 - 0x00007ffa0b99a000 	C:\Windows\SYSTEM32\VERSION.dll
0x00007ffa1d4b0000 - 0x00007ffa1d4c2000 	C:\Windows\SYSTEM32\UMPDC.dll
0x00007ffa1b520000 - 0x00007ffa1b532000 	C:\Windows\SYSTEM32\kernel.appcore.dll
0x00007ffa175f0000 - 0x00007ffa175fa000 	C:\Program Files\OpenLogic\jdk-17.0.9.9-hotspot\bin\jimage.dll
0x00007ffa0a720000 - 0x00007ffa0a904000 	C:\Windows\SYSTEM32\DBGHELP.DLL
0x00007ffa0a0e0000 - 0x00007ffa0a114000 	C:\Windows\SYSTEM32\dbgcore.DLL
0x00007ffa1d780000 - 0x00007ffa1d802000 	C:\Windows\System32\bcryptPrimitives.dll
0x00007ffa10560000 - 0x00007ffa10585000 	C:\Program Files\OpenLogic\jdk-17.0.9.9-hotspot\bin\java.dll
0x00007ff9ead10000 - 0x00007ff9eade6000 	C:\Program Files\OpenLogic\jdk-17.0.9.9-hotspot\bin\jsvml.dll
0x00007ffa1f780000 - 0x00007ffa1fec5000 	C:\Windows\System32\SHELL32.dll
0x00007ffa1b720000 - 0x00007ffa1bebc000 	C:\Windows\SYSTEM32\windows.storage.dll
0x00007ffa1f270000 - 0x00007ffa1f5c4000 	C:\Windows\System32\combase.dll
0x00007ffa1cfd0000 - 0x00007ffa1cffe000 	C:\Windows\SYSTEM32\Wldp.dll
0x00007ffa1eae0000 - 0x00007ffa1ebad000 	C:\Windows\System32\OLEAUT32.dll
0x00007ffa1ed50000 - 0x00007ffa1edfd000 	C:\Windows\System32\SHCORE.dll
0x00007ffa1ec90000 - 0x00007ffa1ece5000 	C:\Windows\System32\shlwapi.dll
0x00007ffa1d5a0000 - 0x00007ffa1d5c5000 	C:\Windows\SYSTEM32\profapi.dll
0x00007ffa12510000 - 0x00007ffa12529000 	C:\Program Files\OpenLogic\jdk-17.0.9.9-hotspot\bin\net.dll
0x00007ffa143b0000 - 0x00007ffa144ba000 	C:\Windows\SYSTEM32\WINHTTP.dll
0x00007ffa1cd30000 - 0x00007ffa1cd9a000 	C:\Windows\system32\mswsock.dll
0x00007ffa105b0000 - 0x00007ffa105c6000 	C:\Program Files\OpenLogic\jdk-17.0.9.9-hotspot\bin\nio.dll
0x00007ffa10540000 - 0x00007ffa10558000 	C:\Program Files\OpenLogic\jdk-17.0.9.9-hotspot\bin\zip.dll
0x00007ffa16e80000 - 0x00007ffa16e90000 	C:\Program Files\OpenLogic\jdk-17.0.9.9-hotspot\bin\verify.dll
0x00007ffa03630000 - 0x00007ffa03657000 	C:\Users\marc\.gradle\native\68d5fa5c4cc2d200863cafc0d521ce42e7d3e7ee720ec0a83991735586a16f82\windows-amd64\native-platform.dll
0x00007ffa10900000 - 0x00007ffa1090a000 	C:\Users\marc\.gradle\native\jansi\1.18\windows64\jansi.dll
0x00007ffa151f0000 - 0x00007ffa151f9000 	C:\Program Files\OpenLogic\jdk-17.0.9.9-hotspot\bin\management.dll
0x00007ffa116c0000 - 0x00007ffa116cb000 	C:\Program Files\OpenLogic\jdk-17.0.9.9-hotspot\bin\management_ext.dll
0x00007ffa1e1e0000 - 0x00007ffa1e1e8000 	C:\Windows\System32\PSAPI.DLL
0x00007ffa1cf30000 - 0x00007ffa1cf48000 	C:\Windows\SYSTEM32\CRYPTSP.dll
0x00007ffa1c660000 - 0x00007ffa1c694000 	C:\Windows\system32\rsaenh.dll
0x00007ffa1d560000 - 0x00007ffa1d58e000 	C:\Windows\SYSTEM32\USERENV.dll
0x00007ffa1cf20000 - 0x00007ffa1cf2c000 	C:\Windows\SYSTEM32\CRYPTBASE.dll
0x00007ffa1ca20000 - 0x00007ffa1ca5b000 	C:\Windows\SYSTEM32\IPHLPAPI.DLL
0x00007ffa1e120000 - 0x00007ffa1e128000 	C:\Windows\System32\NSI.dll
0x00007ffa160e0000 - 0x00007ffa160f7000 	C:\Windows\SYSTEM32\dhcpcsvc6.DLL
0x00007ffa15e50000 - 0x00007ffa15e6d000 	C:\Windows\SYSTEM32\dhcpcsvc.DLL
0x00007ffa1ca60000 - 0x00007ffa1cb2b000 	C:\Windows\SYSTEM32\DNSAPI.dll

dbghelp: loaded successfully - version: 4.0.5 - missing functions: none
symbol engine: initialized successfully - sym options: 0x614 - pdb path: .;C:\Program Files\OpenLogic\jdk-17.0.9.9-hotspot\bin;C:\Windows\SYSTEM32;C:\Windows\WinSxS\amd64_microsoft.windows.common-controls_6595b64144ccf1df_6.0.19041.3636_none_60b6a03d71f818d5;C:\Program Files\OpenLogic\jdk-17.0.9.9-hotspot\bin\server;C:\Users\marc\.gradle\native\68d5fa5c4cc2d200863cafc0d521ce42e7d3e7ee720ec0a83991735586a16f82\windows-amd64;C:\Users\marc\.gradle\native\jansi\1.18\windows64

VM Arguments:
jvm_args: -Xmx64m -Xms64m -Dorg.gradle.appname=gradlew 
java_command: org.gradle.wrapper.GradleWrapperMain app:bundleRelease
java_class_path (initial): D:\React Native\Primex\android\\gradle\wrapper\gradle-wrapper.jar
Launcher Type: SUN_STANDARD

[Global flags]
     intx CICompilerCount                          = 3                                         {product} {ergonomic}
     uint ConcGCThreads                            = 1                                         {product} {ergonomic}
     uint G1ConcRefinementThreads                  = 4                                         {product} {ergonomic}
   size_t G1HeapRegionSize                         = 1048576                                   {product} {ergonomic}
    uintx GCDrainStackTargetSize                   = 64                                        {product} {ergonomic}
   size_t InitialHeapSize                          = 67108864                                  {product} {command line}
   size_t MarkStackSize                            = 4194304                                   {product} {ergonomic}
   size_t MaxHeapSize                              = 67108864                                  {product} {command line}
   size_t MaxNewSize                               = 39845888                                  {product} {ergonomic}
   size_t MinHeapDeltaBytes                        = 1048576                                   {product} {ergonomic}
   size_t MinHeapSize                              = 67108864                                  {product} {command line}
    uintx NonNMethodCodeHeapSize                   = 5832780                                {pd product} {ergonomic}
    uintx NonProfiledCodeHeapSize                  = 122912730                              {pd product} {ergonomic}
    uintx ProfiledCodeHeapSize                     = 122912730                              {pd product} {ergonomic}
    uintx ReservedCodeCacheSize                    = 251658240                              {pd product} {ergonomic}
     bool SegmentedCodeCache                       = true                                      {product} {ergonomic}
   size_t SoftMaxHeapSize                          = 67108864                               {manageable} {ergonomic}
     bool UseCompressedClassPointers               = true                           {product lp64_product} {ergonomic}
     bool UseCompressedOops                        = true                           {product lp64_product} {ergonomic}
     bool UseG1GC                                  = true                                      {product} {ergonomic}
     bool UseLargePagesIndividualAllocation        = false                                  {pd product} {ergonomic}

Logging:
Log output configuration:
 #0: stdout all=warning uptime,level,tags
 #1: stderr all=off uptime,level,tags

Environment Variables:
JAVA_HOME=C:\Program Files\OpenLogic\jdk-17.0.9.9-hotspot\
CLASSPATH=D:\React Native\Primex\android\\gradle\wrapper\gradle-wrapper.jar
PATH=D:\React Native\Primex\node_modules\.bin;D:\React Native\Primex\node_modules\.bin;D:\React Native\node_modules\.bin;D:\node_modules\.bin;C:\Users\marc\AppData\Roaming\npm\node_modules\npm\node_modules\@npmcli\run-script\lib\node-gyp-bin;C:\Windows\System32;C:\Windows;C:\Program Files\MySQL\MySQL Shell 8.0\bin\;C:\Users\marc\AppData\Local\Microsoft\WindowsApps;C:\Users\marc\AppData\Local\Programs\Microsoft VS Code\bin;C:\Program Files\nodejs;C:\Program Files\MongoDB\mongosh-1.10.3-win32-x64\bin;C:\Program Files\MongoDB\Server\6.0\bin;C:\Users\marc\AppData\Roaming\npm\node_modules\expo-cli\node_modules\xdl\binaries\windows\adb;C:\Users\marc\AppData\Local\Android\Sdk;C:\Users\marc\AppData\Local\Android\Sdk\emulator;C:\Users\marc\AppData\Local\Android\Sdk\platform-tools;C:\Program Files\Android\Android Studio\bin;C:\Program Files\OpenLogic\jdk-8.0.392.08-hotspot;C:\Program Files\OpenLogic\jdk-8.0.392.08-hotspot\bin;C:\Users\marc\AppData\Roaming\npm;";C:\Windows\system32";C:\Users\marc\AppData\Local\Programs\Python;C:\Users\marc\AppData\Local\Programs\Python\Python312;
USERNAME=marc
LANG=en_US.UTF-8
OS=Windows_NT
PROCESSOR_IDENTIFIER=Intel64 Family 6 Model 58 Stepping 9, GenuineIntel
TMP=C:\Users\marc\AppData\Local\Temp
TEMP=C:\Users\marc\AppData\Local\Temp



Periodic native trim disabled


---------------  S Y S T E M  ---------------

OS:
 Windows 10 , 64 bit Build 19041 (10.0.19041.3636)
OS uptime: 6 days 21:06 hours

CPU: total 4 (initial active 4) (2 cores per cpu, 2 threads per core) family 6 model 58 stepping 9 microcode 0x21, cx8, cmov, fxsr, ht, mmx, sse, sse2, sse3, ssse3, sse4.1, sse4.2, popcnt, tsc, tscinvbit, avx, aes, erms, clmul, vzeroupper, clflush
Processor Information for all 4 processors :
  Max Mhz: 2601, Current Mhz: 2601, Mhz Limit: 2601

Memory: 4k page, system-wide physical 12153M (258M free)
TotalPageFile size 19398M (AvailPageFile size 8M)
current process WorkingSet (physical memory assigned to process): 83M, peak: 85M
current process commit charge ("private bytes"): 155M, peak: 158M

vm_info: OpenJDK 64-Bit Server VM (17.0.9+9-adhoc..jdk17u) for windows-amd64 JRE (17.0.9+9-adhoc..jdk17u), built on Oct 18 2023 11:34:43 by "" with MS VC++ 16.10 / 16.11 (VS2019)

END.
